<?xml version="1.0" encoding="UTF-8"?>
<!-- Generated by org.testng.reporters.JUnitReportReporter -->
<testsuite hostname="DESKTOP-1OAFMHP" failures="0" tests="8" name="com.sr.demo.RestAssuredTestCases" time="11.582" errors="0" timestamp="2021-09-16T12:25:26 IST" skipped="0">
  <testcase classname="com.sr.demo.RestAssuredTestCases" name="DeleteTest" time="4.094"/>
  <system-out/>
  <testcase classname="com.sr.demo.RestAssuredTestCases" name="postRequest" time="0.960"/>
  <system-out/>
  <testcase classname="com.sr.demo.RestAssuredTestCases" name="getTest" time="3.132"/>
  <system-out/>
  <testcase classname="com.sr.demo.RestAssuredTestCases" name="putTest" time="0.634"/>
  <system-out/>
  <testcase classname="com.sr.demo.RestAssuredTestCases" name="test01" time="0.245"/>
  <system-out/>
  <testcase classname="com.sr.demo.RestAssuredTestCases" name="test03" time="1.914"/>
  <system-out/>
  <testcase classname="com.sr.demo.RestAssuredTestCases" name="test02" time="0.300"/>
  <system-out/>
  <testcase classname="com.sr.demo.RestAssuredTestCases" name="test04" time="0.303"/>
  <system-out/>
</testsuite> <!-- com.sr.demo.RestAssuredTestCases -->
